<?xml version="1.0" encoding="UTF-8"?>
<testsuite name="MealPlannerTests" tests="1" skipped="0" failures="0" errors="0" timestamp="2024-01-16T02:00:20" hostname="pop-os" time="0.117">
  <properties/>
  <testcase name="start" classname="MealPlannerTests" time="0.117"/>
  <system-out><![CDATA[?[1;31m
Start test 1?[0m
Which meal do you want to add (breakfast, lunch, dinner)? 
> lunch
Input the meal's name: 
> sushi
Input the ingredients: 
> salmon, rice, avocado
Category: LUNCH
Name: sushi
Ingredients: 
salmon
rice
avocado

The meal has been added!
?[1;31m
Start test 2?[0m
Which meal do you want to add (breakfast, lunch, dinner)? 
> dinner
Input the meal's name: 
> salad
Input the ingredients: 
> lettuce,tomato,onion,cheese,olives
Category: DINNER
Name: salad
Ingredients: 
lettuce
tomato
onion
cheese
olives

The meal has been added!
?[1;31m
Start test 3?[0m
Which meal do you want to add (breakfast, lunch, dinner)? 
> breakfast
Input the meal's name: 
> oatmeal
Input the ingredients: 
> oats, milk, banana, peanut butter
Category: BREAKFAST
Name: oatmeal
Ingredients: 
oats
milk
banana
peanut butter

The meal has been added!
]]></system-out>
  <system-err><![CDATA[]]></system-err>
</testsuite>
